5[master fa1a7c5] test
 1 file changed, 1 insertion(+), 1 deletion(-)
[master 3731941] test
 1 file changed, 2 insertions(+), 1 deletion(-)
[master fddb35e] test
 1 file changed, 2 insertions(+)
[master a3b750f] test
 1 file changed, 2 insertions(+)
[master 912ec2c] test
 1 file changed, 2 insertions(+)
[master fb157c0] test
 1 file changed, 2 insertions(+)
[master 181bad7] test
 1 file changed, 2 insertions(+)
fatal: Unable to create '/usr/local/ark/activity/dns-access/ArkDNS/.git/index.lock': File exists.

Another git process seems to be running in this repository, e.g.
an editor opened by 'git commit'. Please make sure all processes
are terminated then try again. If it still fails, a git process
may have crashed in this repository earlier:
remove the file manually to continue.
On branch master
Your branch is ahead of 'origin/master' by 8 commits.
  (use "git push" to publish your local commits)

Changes not staged for commit:
	modified:   nohup.out

no changes added to commit
[master 9fe89cb] test
 1 file changed, 17 insertions(+)
