24[master 9cd93bd] test
 1 file changed, 1 insertion(+), 1 deletion(-)
[master b03b761] test
 1 file changed, 2 insertions(+), 1 deletion(-)
[master b44c937] test
 1 file changed, 2 insertions(+)
[master 5e6f7b7] test
 1 file changed, 2 insertions(+)
[master 0f4a348] test
 1 file changed, 2 insertions(+)
fatal: Unable to create '/usr/local/ark/activity/dns-access/ArkDNS/.git/index.lock': File exists.

Another git process seems to be running in this repository, e.g.
an editor opened by 'git commit'. Please make sure all processes
are terminated then try again. If it still fails, a git process
may have crashed in this repository earlier:
remove the file manually to continue.
fatal: cannot lock ref 'HEAD': is at 15f3962a6d882269b26839737a612f0a772f00b9 but expected 0f4a348d363c91708d5aa03f045f40f62efc7548
On branch master
Your branch is ahead of 'origin/master' by 6 commits.
  (use "git push" to publish your local commits)

Changes not staged for commit:
	modified:   nohup.out

no changes added to commit
[master 15f3962] test
 1 file changed, 18 insertions(+)
