23
On branch master
Your branch is up to date with 'origin/master'.

nothing to commit, working tree clean
fatal: Unable to create '/usr/local/ark/activity/dns-access/ArkDNS/.git/index.lock': File exists.

Another git process seems to be running in this repository, e.g.
an editor opened by 'git commit'. Please make sure all processes
are terminated then try again. If it still fails, a git process
may have crashed in this repository earlier:
remove the file manually to continue.
[master dc48329] test
 1 file changed, 11 insertions(+)
fatal: Unable to create '/usr/local/ark/activity/dns-access/ArkDNS/.git/index.lock': File exists.

Another git process seems to be running in this repository, e.g.
an editor opened by 'git commit'. Please make sure all processes
are terminated then try again. If it still fails, a git process
may have crashed in this repository earlier:
remove the file manually to continue.
fatal: Unable to create '/usr/local/ark/activity/dns-access/ArkDNS/.git/index.lock': File exists.

Another git process seems to be running in this repository, e.g.
an editor opened by 'git commit'. Please make sure all processes
are terminated then try again. If it still fails, a git process
may have crashed in this repository earlier:
remove the file manually to continue.
[master fb6a116] test
 1 file changed, 7 insertions(+)
fatal: Unable to create '/usr/local/ark/activity/dns-access/ArkDNS/.git/index.lock': File exists.

Another git process seems to be running in this repository, e.g.
an editor opened by 'git commit'. Please make sure all processes
are terminated then try again. If it still fails, a git process
may have crashed in this repository earlier:
remove the file manually to continue.
Everything up-to-date
fatal: Unable to create '/usr/local/ark/activity/dns-access/ArkDNS/.git/index.lock': File exists.

Another git process seems to be running in this repository, e.g.
an editor opened by 'git commit'. Please make sure all processes
are terminated then try again. If it still fails, a git process
may have crashed in this repository earlier:
remove the file manually to continue.
fatal: Unable to create '/usr/local/ark/activity/dns-access/ArkDNS/.git/index.lock': File exists.

Another git process seems to be running in this repository, e.g.
an editor opened by 'git commit'. Please make sure all processes
are terminated then try again. If it still fails, a git process
may have crashed in this repository earlier:
remove the file manually to continue.
fatal: Unable to create '/usr/local/ark/activity/dns-access/ArkDNS/.git/index.lock': File exists.

Another git process seems to be running in this repository, e.g.
an editor opened by 'git commit'. Please make sure all processes
are terminated then try again. If it still fails, a git process
may have crashed in this repository earlier:
remove the file manually to continue.
fatal: Unable to create '/usr/local/ark/activity/dns-access/ArkDNS/.git/index.lock': File exists.

Another git process seems to be running in this repository, e.g.
an editor opened by 'git commit'. Please make sure all processes
are terminated then try again. If it still fails, a git process
may have crashed in this repository earlier:
remove the file manually to continue.
fatal: cannot lock ref 'HEAD': is at fb6a116566ebcc27008f200c9fa6c434ff4278ae but expected dc48329531784f53933a0adea75e538be53bb0b8
